Start testing: Oct 05 15:42 Paris, Madrid (heure d?été)
----------------------------------------------------------
1/2 Testing: test_hello
1/2 Test: test_hello
Command: "O:/Documents/ENSG3A/Genie Logiciel/CMake/First_CMake_v3/build/tests/Release/test_hello.exe"
Directory: O:/Documents/ENSG3A/Genie Logiciel/CMake/First_CMake_v3/build/tests
"test_hello" start time: Oct 05 15:42 Paris, Madrid (heure d?été)
Output:
----------------------------------------------------------
Hello World!

<end of output>
Test time =   0.13 sec
----------------------------------------------------------
Test Passed.
"test_hello" end time: Oct 05 15:42 Paris, Madrid (heure d?été)
"test_hello" time elapsed: 00:00:00
----------------------------------------------------------

2/2 Testing: test_version
2/2 Test: test_version
Command: "O:/Documents/ENSG3A/Genie Logiciel/CMake/First_CMake_v3/build/tests/Release/test_version.exe"
Directory: O:/Documents/ENSG3A/Genie Logiciel/CMake/First_CMake_v3/build/tests
"test_version" start time: Oct 05 15:42 Paris, Madrid (heure d?été)
Output:
----------------------------------------------------------
project version is 1.0
<end of output>
Test time =   0.12 sec
----------------------------------------------------------
Test Passed.
"test_version" end time: Oct 05 15:42 Paris, Madrid (heure d?été)
"test_version" time elapsed: 00:00:00
----------------------------------------------------------

End testing: Oct 05 15:42 Paris, Madrid (heure d?été)
